# JRE version: OpenJDK Runtime Environment (8.0_202) (build 1.8.0_202-release-1483-b49-5587405)
# Java VM: OpenJDK 64-Bit Server VM (25.202-b49-5587405 mixed mode linux-amd64 compressed oops)
Heap:
 PSYoungGen      total 150016K, used 11882K [0x00000000ebe00000, 0x00000000f6d00000, 0x0000000100000000)
  eden space 125440K, 0% used [0x00000000ebe00000,0x00000000ebe00000,0x00000000f3880000)
  from space 24576K, 48% used [0x00000000f3880000,0x00000000f441a908,0x00000000f5080000)
  to   space 17920K, 0% used [0x00000000f5080000,0x00000000f5080000,0x00000000f6200000)
 ParOldGen       total 48640K, used 47678K [0x00000000c3a00000, 0x00000000c6980000, 0x00000000ebe00000)
  object space 48640K, 98% used [0x00000000c3a00000,0x00000000c688fac8,0x00000000c6980000)
 Metaspace       used 57795K, capacity 58806K, committed 59136K, reserved 1101824K
  class space    used 7067K, capacity 7340K, committed 7424K, reserved 1048576K
GC Heap History (10 events):
Event: 14.541 GC heap after
Heap after GC invocations=8 (full 1):
 PSYoungGen      total 70144K, used 8673K [0x00000000ebe00000, 0x00000000f2f80000, 0x0000000100000000)
  eden space 61440K, 0% used [0x00000000ebe00000,0x00000000ebe00000,0x00000000efa00000)
  from space 8704K, 99% used [0x00000000efa00000,0x00000000f0278718,0x00000000f0280000)
  to   space 14336K, 0% used [0x00000000f2180000,0x00000000f2180000,0x00000000f2f80000)
 ParOldGen       total 35328K, used 18489K [0x00000000c3a00000, 0x00000000c5c80000, 0x00000000ebe00000)
  object space 35328K, 52% used [0x00000000c3a00000,0x00000000c4c0e778,0x00000000c5c80000)
 Metaspace       used 34347K, capacity 34874K, committed 35072K, reserved 1079296K
  class space    used 4401K, capacity 4562K, committed 4608K, reserved 1048576K
}
Event: 14.569 GC heap before
{Heap before GC invocations=9 (full 1):
 PSYoungGen      total 70144K, used 11147K [0x00000000ebe00000, 0x00000000f2f80000, 0x0000000100000000)
  eden space 61440K, 4% used [0x00000000ebe00000,0x00000000ec06a8d8,0x00000000efa00000)
  from space 8704K, 99% used [0x00000000efa00000,0x00000000f0278718,0x00000000f0280000)
  to   space 14336K, 0% used [0x00000000f2180000,0x00000000f2180000,0x00000000f2f80000)
 ParOldGen       total 35328K, used 18489K [0x00000000c3a00000, 0x00000000c5c80000, 0x00000000ebe00000)
  object space 35328K, 52% used [0x00000000c3a00000,0x00000000c4c0e778,0x00000000c5c80000)
 Metaspace       used 34680K, capacity 35230K, committed 35496K, reserved 1081344K
  class space    used 4462K, capacity 4596K, committed 4608K, reserved 1048576K
Event: 14.576 GC heap after
Heap after GC invocations=9 (full 1):
 PSYoungGen      total 101888K, used 8898K [0x00000000ebe00000, 0x00000000f4d80000, 0x0000000100000000)
  eden space 87552K, 0% used [0x00000000ebe00000,0x00000000ebe00000,0x00000000f1380000)
  from space 14336K, 62% used [0x00000000f2180000,0x00000000f2a30b08,0x00000000f2f80000)
  to   space 14336K, 0% used [0x00000000f1380000,0x00000000f1380000,0x00000000f2180000)
 ParOldGen       total 35328K, used 18497K [0x00000000c3a00000, 0x00000000c5c80000, 0x00000000ebe00000)
  object space 35328K, 52% used [0x00000000c3a00000,0x00000000c4c10778,0x00000000c5c80000)
 Metaspace       used 34680K, capacity 35230K, committed 35496K, reserved 1081344K
  class space    used 4462K, capacity 4596K, committed 4608K, reserved 1048576K
}
Event: 14.576 GC heap before
{Heap before GC invocations=10 (full 2):
 PSYoungGen      total 101888K, used 8898K [0x00000000ebe00000, 0x00000000f4d80000, 0x0000000100000000)
  eden space 87552K, 0% used [0x00000000ebe00000,0x00000000ebe00000,0x00000000f1380000)
  from space 14336K, 62% used [0x00000000f2180000,0x00000000f2a30b08,0x00000000f2f80000)
  to   space 14336K, 0% used [0x00000000f1380000,0x00000000f1380000,0x00000000f2180000)
 ParOldGen       total 35328K, used 18497K [0x00000000c3a00000, 0x00000000c5c80000, 0x00000000ebe00000)
  object space 35328K, 52% used [0x00000000c3a00000,0x00000000c4c10778,0x00000000c5c80000)
 Metaspace       used 34680K, capacity 35230K, committed 35496K, reserved 1081344K
  class space    used 4462K, capacity 4596K, committed 4608K, reserved 1048576K
Event: 14.631 GC heap after
Heap after GC invocations=10 (full 2):
 PSYoungGen      total 101888K, used 0K [0x00000000ebe00000, 0x00000000f4d80000, 0x0000000100000000)
  eden space 87552K, 0% used [0x00000000ebe00000,0x00000000ebe00000,0x00000000f1380000)
  from space 14336K, 0% used [0x00000000f2180000,0x00000000f2180000,0x00000000f2f80000)
  to   space 14336K, 0% used [0x00000000f1380000,0x00000000f1380000,0x00000000f2180000)
 ParOldGen       total 47616K, used 14384K [0x00000000c3a00000, 0x00000000c6880000, 0x00000000ebe00000)
  object space 47616K, 30% used [0x00000000c3a00000,0x00000000c480c150,0x00000000c6880000)
 Metaspace       used 34680K, capacity 35230K, committed 35496K, reserved 1081344K
  class space    used 4462K, capacity 4596K, committed 4608K, reserved 1048576K
}
Event: 16.986 GC heap before
{Heap before GC invocations=11 (full 2):
 PSYoungGen      total 101888K, used 87552K [0x00000000ebe00000, 0x00000000f4d80000, 0x0000000100000000)
  eden space 87552K, 100% used [0x00000000ebe00000,0x00000000f1380000,0x00000000f1380000)
  from space 14336K, 0% used [0x00000000f2180000,0x00000000f2180000,0x00000000f2f80000)
  to   space 14336K, 0% used [0x00000000f1380000,0x00000000f1380000,0x00000000f2180000)
 ParOldGen       total 47616K, used 14384K [0x00000000c3a00000, 0x00000000c6880000, 0x00000000ebe00000)
  object space 47616K, 30% used [0x00000000c3a00000,0x00000000c480c150,0x00000000c6880000)
 Metaspace       used 41176K, capacity 41780K, committed 42112K, reserved 1085440K
  class space    used 5079K, capacity 5241K, committed 5248K, reserved 1048576K
Event: 17.008 GC heap after
Heap after GC invocations=11 (full 2):
 PSYoungGen      total 101888K, used 14333K [0x00000000ebe00000, 0x00000000f6200000, 0x0000000100000000)
  eden space 87552K, 0% used [0x00000000ebe00000,0x00000000ebe00000,0x00000000f1380000)
  from space 14336K, 99% used [0x00000000f1380000,0x00000000f217f490,0x00000000f2180000)
  to   space 17920K, 0% used [0x00000000f5080000,0x00000000f5080000,0x00000000f6200000)
 ParOldGen       total 47616K, used 17866K [0x00000000c3a00000, 0x00000000c6880000, 0x00000000ebe00000)
  object space 47616K, 37% used [0x00000000c3a00000,0x00000000c4b72980,0x00000000c6880000)
 Metaspace       used 41176K, capacity 41780K, committed 42112K, reserved 1085440K
  class space    used 5079K, capacity 5241K, committed 5248K, reserved 1048576K
}
Event: 22.364 GC heap before
{Heap before GC invocations=12 (full 2):
 PSYoungGen      total 101888K, used 101885K [0x00000000ebe00000, 0x00000000f6200000, 0x0000000100000000)
  eden space 87552K, 100% used [0x00000000ebe00000,0x00000000f1380000,0x00000000f1380000)
  from space 14336K, 99% used [0x00000000f1380000,0x00000000f217f490,0x00000000f2180000)
  to   space 17920K, 0% used [0x00000000f5080000,0x00000000f5080000,0x00000000f6200000)
 ParOldGen       total 47616K, used 17866K [0x00000000c3a00000, 0x00000000c6880000, 0x00000000ebe00000)
  object space 47616K, 37% used [0x00000000c3a00000,0x00000000c4b72980,0x00000000c6880000)
 Metaspace       used 49754K, capacity 50698K, committed 51200K, reserved 1093632K
  class space    used 6260K, capacity 6540K, committed 6656K, reserved 1048576K
Event: 22.397 GC heap after
Heap after GC invocations=12 (full 2):
 PSYoungGen      total 143360K, used 17908K [0x00000000ebe00000, 0x00000000f6d00000, 0x0000000100000000)
  eden space 125440K, 0% used [0x00000000ebe00000,0x00000000ebe00000,0x00000000f3880000)
  from space 17920K, 99% used [0x00000000f5080000,0x00000000f61fd028,0x00000000f6200000)
  to   space 24576K, 0% used [0x00000000f3880000,0x00000000f3880000,0x00000000f5080000)
 ParOldGen       total 47616K, used 29676K [0x00000000c3a00000, 0x00000000c6880000, 0x00000000ebe00000)
  object space 47616K, 62% used [0x00000000c3a00000,0x00000000c56fb0f8,0x00000000c6880000)
 Metaspace       used 49754K, capacity 50698K, committed 51200K, reserved 1093632K
  class space    used 6260K, capacity 6540K, committed 6656K, reserved 1048576K
}
Event: 33.375 GC heap before
{Heap before GC invocations=13 (full 2):
 PSYoungGen      total 143360K, used 86581K [0x00000000ebe00000, 0x00000000f6d00000, 0x0000000100000000)
  eden space 125440K, 54% used [0x00000000ebe00000,0x00000000f0110690,0x00000000f3880000)
  from space 17920K, 99% used [0x00000000f5080000,0x00000000f61fd028,0x00000000f6200000)
  to   space 24576K, 0% used [0x00000000f3880000,0x00000000f3880000,0x00000000f5080000)
 ParOldGen       total 47616K, used 29676K [0x00000000c3a00000, 0x00000000c6880000, 0x00000000ebe00000)
  object space 47616K, 62% used [0x00000000c3a00000,0x00000000c56fb0f8,0x00000000c6880000)
 Metaspace       used 57795K, capacity 58806K, committed 59136K, reserved 1101824K
  class space    used 7067K, capacity 7340K, committed 7424K, reserved 1048576K

